[DEBUG] 2018-03-16 14:19:19.195 [jiaweb.go:126] JiaWeb SetPProfConfig [true, 10004]
[DEBUG] 2018-03-16 14:19:19.1968 [jiaweb.go:228] JiaWeb:StartPProfServer[10004] Begin
[DEBUG] 2018-03-16 14:19:19.1968 [group.go:31] JiaWbe:Gropu NewGroup [/jiaweb]
[DEBUG] 2018-03-16 14:19:19.1968 [route.go:362] JiaWbe:Router:RegisterRoute Success GET[/jiaweb/debug/pprof/<key:.+>]
[DEBUG] 2018-03-16 14:19:19.1968 [route.go:362] JiaWbe:Router:RegisterRoute Success GET[/jiaweb/debug/freememory]
[DEBUG] 2018-03-16 14:19:19.1969 [route.go:362] JiaWbe:Router:RegisterRoute Success GET[/jiaweb/debug/state]
[DEBUG] 2018-03-16 14:19:19.1969 [route.go:362] JiaWbe:Router:RegisterRoute Success GET[/jiaweb/debug/query/<key:[^/]*>]
[DEBUG] 2018-03-16 14:19:19.1969 [jiaweb.go:77] JiaWeb start New AppServer
[DEBUG] 2018-03-16 14:19:19.1969 [route.go:362] JiaWbe:Router:RegisterRoute Success GET[/]
[DEBUG] 2018-03-16 14:19:19.197 [route.go:362] JiaWbe:Router:RegisterRoute Success GET[/list]
[DEBUG] 2018-03-16 14:19:19.197 [route.go:362] JiaWbe:Router:RegisterRoute Success GET[/log]
[DEBUG] 2018-03-16 14:19:19.197 [route.go:362] JiaWbe:Router:RegisterRoute Success POST[/update]
[DEBUG] 2018-03-16 14:19:19.197 [route.go:362] JiaWbe:Router:RegisterRoute Success GET[/update]
[DEBUG] 2018-03-16 14:19:19.197 [route.go:362] JiaWbe:Router:RegisterRoute Success GET[/stop]
[DEBUG] 2018-03-16 14:19:19.1971 [route.go:362] JiaWbe:Router:RegisterRoute Success GET[/start]
[DEBUG] 2018-03-16 14:19:19.1971 [route.go:362] JiaWbe:Router:RegisterRoute Success POST[/login]
[DEBUG] 2018-03-16 14:19:19.1971 [route.go:362] JiaWbe:Router:RegisterRoute Success GET[/login]
[DEBUG] 2018-03-16 14:19:19.1971 [route.go:362] JiaWbe:Router:RegisterRoute Success GET[/logout]
[DEBUG] 2018-03-16 14:19:19.1971 [route.go:362] JiaWbe:Router:RegisterRoute Success GET[/readme]
[DEBUG] 2018-03-16 14:19:19.1972 [route.go:362] JiaWbe:Router:RegisterRoute Success GET[/quickStart]
[DEBUG] 2018-03-16 14:19:19.1972 [route.go:362] JiaWbe:Router:RegisterRoute Success GET[/reloadConfig]
[DEBUG] 2018-03-16 14:19:19.1972 [route.go:362] JiaWbe:Router:RegisterRoute Success GET[/deleteClient]
[DEBUG] 2018-03-16 14:19:19.1972 [route.go:362] JiaWbe:Router:RegisterRoute Success GET[/viewConfig]
[DEBUG] 2018-03-16 14:19:19.1973 [route.go:362] JiaWbe:Router:RegisterRoute Success GET[/stopAllTask]
[DEBUG] 2018-03-16 14:19:19.1973 [route.go:362] JiaWbe:Router:RegisterRoute Success GET[/model]
[DEBUG] 2018-03-16 14:19:19.1973 [server.go:139] JiaWeb:HttpServer ignore favicon
[DEBUG] 2018-03-16 14:19:19.1973 [server.go:145] JiaWeb:HttpServer RegisterModule [IgnoreFAvicon]
[DEBUG] 2018-03-16 14:19:19.1973 [server.go:122] JiaWeb:HttpServer SetJwtConfig expire:86400 name:session-id cookieMaxAge:86400
[DEBUG] 2018-03-16 14:19:19.1974 [server.go:145] JiaWeb:HttpServer RegisterModule [initRender]
[DEBUG] 2018-03-16 14:19:19.1974 [server.go:76] jiaWeb:HttpServer ListenAndServe [:20000]
