[DEBUG] 2018-03-15 18:00:39.7992 [jiaweb.go:126] JiaWeb SetPProfConfig [true, 10004]
[DEBUG] 2018-03-15 18:00:39.8006 [jiaweb.go:228] JiaWeb:StartPProfServer[10004] Begin
[DEBUG] 2018-03-15 18:00:39.8006 [group.go:31] JiaWbe:Gropu NewGroup [/jiaweb]
[DEBUG] 2018-03-15 18:00:39.8006 [route.go:362] JiaWbe:Router:RegisterRoute Success GET[/jiaweb/debug/pprof/<key:.+>]
[DEBUG] 2018-03-15 18:00:39.8006 [route.go:362] JiaWbe:Router:RegisterRoute Success GET[/jiaweb/debug/freememory]
[DEBUG] 2018-03-15 18:00:39.8007 [route.go:362] JiaWbe:Router:RegisterRoute Success GET[/jiaweb/debug/state]
[DEBUG] 2018-03-15 18:00:39.8007 [route.go:362] JiaWbe:Router:RegisterRoute Success GET[/jiaweb/debug/query/<key:[^/]*>]
[DEBUG] 2018-03-15 18:00:39.8007 [jiaweb.go:77] JiaWeb start New AppServer
[DEBUG] 2018-03-15 18:00:39.8007 [route.go:362] JiaWbe:Router:RegisterRoute Success GET[/]
[DEBUG] 2018-03-15 18:00:39.8008 [route.go:362] JiaWbe:Router:RegisterRoute Success GET[/list]
[DEBUG] 2018-03-15 18:00:39.8008 [route.go:362] JiaWbe:Router:RegisterRoute Success GET[/log]
[DEBUG] 2018-03-15 18:00:39.8008 [route.go:362] JiaWbe:Router:RegisterRoute Success POST[/update]
[DEBUG] 2018-03-15 18:00:39.8008 [route.go:362] JiaWbe:Router:RegisterRoute Success GET[/update]
[DEBUG] 2018-03-15 18:00:39.8009 [route.go:362] JiaWbe:Router:RegisterRoute Success GET[/stop]
[DEBUG] 2018-03-15 18:00:39.8009 [route.go:362] JiaWbe:Router:RegisterRoute Success GET[/start]
[DEBUG] 2018-03-15 18:00:39.8009 [route.go:362] JiaWbe:Router:RegisterRoute Success POST[/login]
[DEBUG] 2018-03-15 18:00:39.8009 [route.go:362] JiaWbe:Router:RegisterRoute Success GET[/login]
[DEBUG] 2018-03-15 18:00:39.801 [route.go:362] JiaWbe:Router:RegisterRoute Success GET[/logout]
[DEBUG] 2018-03-15 18:00:39.801 [route.go:362] JiaWbe:Router:RegisterRoute Success GET[/readme]
[DEBUG] 2018-03-15 18:00:39.801 [route.go:362] JiaWbe:Router:RegisterRoute Success GET[/quickStart]
[DEBUG] 2018-03-15 18:00:39.801 [route.go:362] JiaWbe:Router:RegisterRoute Success GET[/reloadConfig]
[DEBUG] 2018-03-15 18:00:39.8011 [route.go:362] JiaWbe:Router:RegisterRoute Success GET[/deleteClient]
[DEBUG] 2018-03-15 18:00:39.8011 [route.go:362] JiaWbe:Router:RegisterRoute Success GET[/viewConfig]
[DEBUG] 2018-03-15 18:00:39.8011 [route.go:362] JiaWbe:Router:RegisterRoute Success GET[/stopAllTask]
[DEBUG] 2018-03-15 18:00:39.8011 [route.go:362] JiaWbe:Router:RegisterRoute Success GET[/model]
[DEBUG] 2018-03-15 18:00:39.8012 [route.go:362] JiaWbe:Router:RegisterRoute Success GET[/]
[DEBUG] 2018-03-15 18:00:39.8012 [server.go:142] JiaWeb:HttpServer RegisterModule [initRender]
[DEBUG] 2018-03-15 18:00:39.8012 [server.go:136] JiaWeb:HttpServer ignore favicon
[DEBUG] 2018-03-15 18:00:39.8012 [server.go:142] JiaWeb:HttpServer RegisterModule [IgnoreFAvicon]
[DEBUG] 2018-03-15 18:00:39.8013 [server.go:127] JiaWeb:HttpServer SetJwtConfig failed config nil
[DEBUG] 2018-03-15 18:00:39.8013 [server.go:76] jiaWeb:HttpServer ListenAndServe [:20000]
[DEBUG] 2018-03-15 18:01:49.1573 [jiaweb.go:126] JiaWeb SetPProfConfig [true, 10004]
[DEBUG] 2018-03-15 18:01:49.1577 [jiaweb.go:228] JiaWeb:StartPProfServer[10004] Begin
[DEBUG] 2018-03-15 18:01:49.1578 [group.go:31] JiaWbe:Gropu NewGroup [/jiaweb]
[DEBUG] 2018-03-15 18:01:49.1578 [route.go:362] JiaWbe:Router:RegisterRoute Success GET[/jiaweb/debug/pprof/<key:.+>]
[DEBUG] 2018-03-15 18:01:49.1578 [route.go:362] JiaWbe:Router:RegisterRoute Success GET[/jiaweb/debug/freememory]
[DEBUG] 2018-03-15 18:01:49.1579 [route.go:362] JiaWbe:Router:RegisterRoute Success GET[/jiaweb/debug/state]
[DEBUG] 2018-03-15 18:01:49.1579 [route.go:362] JiaWbe:Router:RegisterRoute Success GET[/jiaweb/debug/query/<key:[^/]*>]
[DEBUG] 2018-03-15 18:01:49.1579 [jiaweb.go:77] JiaWeb start New AppServer
[DEBUG] 2018-03-15 18:01:49.1579 [route.go:362] JiaWbe:Router:RegisterRoute Success GET[/]
[DEBUG] 2018-03-15 18:01:49.158 [route.go:362] JiaWbe:Router:RegisterRoute Success GET[/list]
[DEBUG] 2018-03-15 18:01:49.158 [route.go:362] JiaWbe:Router:RegisterRoute Success GET[/log]
[DEBUG] 2018-03-15 18:01:49.158 [route.go:362] JiaWbe:Router:RegisterRoute Success POST[/update]
[DEBUG] 2018-03-15 18:01:49.158 [route.go:362] JiaWbe:Router:RegisterRoute Success GET[/update]
[DEBUG] 2018-03-15 18:01:49.1581 [route.go:362] JiaWbe:Router:RegisterRoute Success GET[/stop]
[DEBUG] 2018-03-15 18:01:49.1582 [route.go:362] JiaWbe:Router:RegisterRoute Success GET[/start]
[DEBUG] 2018-03-15 18:01:49.1582 [route.go:362] JiaWbe:Router:RegisterRoute Success POST[/login]
[DEBUG] 2018-03-15 18:01:49.1582 [route.go:362] JiaWbe:Router:RegisterRoute Success GET[/login]
[DEBUG] 2018-03-15 18:01:49.1583 [route.go:362] JiaWbe:Router:RegisterRoute Success GET[/logout]
[DEBUG] 2018-03-15 18:01:49.1583 [route.go:362] JiaWbe:Router:RegisterRoute Success GET[/readme]
[DEBUG] 2018-03-15 18:01:49.1583 [route.go:362] JiaWbe:Router:RegisterRoute Success GET[/quickStart]
[DEBUG] 2018-03-15 18:01:49.1584 [route.go:362] JiaWbe:Router:RegisterRoute Success GET[/reloadConfig]
[DEBUG] 2018-03-15 18:01:49.1584 [route.go:362] JiaWbe:Router:RegisterRoute Success GET[/deleteClient]
[DEBUG] 2018-03-15 18:01:49.1584 [route.go:362] JiaWbe:Router:RegisterRoute Success GET[/viewConfig]
[DEBUG] 2018-03-15 18:01:49.1585 [route.go:362] JiaWbe:Router:RegisterRoute Success GET[/stopAllTask]
[DEBUG] 2018-03-15 18:01:49.1585 [route.go:362] JiaWbe:Router:RegisterRoute Success GET[/model]
[DEBUG] 2018-03-15 18:01:49.1585 [route.go:362] JiaWbe:Router:RegisterRoute Success GET[/]
[DEBUG] 2018-03-15 18:01:49.1586 [server.go:142] JiaWeb:HttpServer RegisterModule [initRender]
[DEBUG] 2018-03-15 18:01:49.1586 [server.go:136] JiaWeb:HttpServer ignore favicon
[DEBUG] 2018-03-15 18:01:49.1586 [server.go:142] JiaWeb:HttpServer RegisterModule [IgnoreFAvicon]
[DEBUG] 2018-03-15 18:01:49.1586 [server.go:127] JiaWeb:HttpServer SetJwtConfig failed config nil
[DEBUG] 2018-03-15 18:01:49.1587 [server.go:76] jiaWeb:HttpServer ListenAndServe [:20000]
[DEBUG] 2018-03-15 18:02:15.2923 [jiaweb.go:126] JiaWeb SetPProfConfig [true, 10004]
[DEBUG] 2018-03-15 18:02:15.294 [jiaweb.go:228] JiaWeb:StartPProfServer[10004] Begin
[DEBUG] 2018-03-15 18:02:15.2941 [group.go:31] JiaWbe:Gropu NewGroup [/jiaweb]
[DEBUG] 2018-03-15 18:02:15.2941 [route.go:362] JiaWbe:Router:RegisterRoute Success GET[/jiaweb/debug/pprof/<key:.+>]
[DEBUG] 2018-03-15 18:02:15.2941 [route.go:362] JiaWbe:Router:RegisterRoute Success GET[/jiaweb/debug/freememory]
[DEBUG] 2018-03-15 18:02:15.2941 [route.go:362] JiaWbe:Router:RegisterRoute Success GET[/jiaweb/debug/state]
[DEBUG] 2018-03-15 18:02:15.2942 [route.go:362] JiaWbe:Router:RegisterRoute Success GET[/jiaweb/debug/query/<key:[^/]*>]
[DEBUG] 2018-03-15 18:02:15.2942 [jiaweb.go:77] JiaWeb start New AppServer
[DEBUG] 2018-03-15 18:02:15.2942 [route.go:362] JiaWbe:Router:RegisterRoute Success GET[/]
[DEBUG] 2018-03-15 18:02:15.2942 [route.go:362] JiaWbe:Router:RegisterRoute Success GET[/list]
[DEBUG] 2018-03-15 18:02:15.2943 [route.go:362] JiaWbe:Router:RegisterRoute Success GET[/log]
[DEBUG] 2018-03-15 18:02:15.2943 [route.go:362] JiaWbe:Router:RegisterRoute Success POST[/update]
[DEBUG] 2018-03-15 18:02:15.2943 [route.go:362] JiaWbe:Router:RegisterRoute Success GET[/update]
[DEBUG] 2018-03-15 18:02:15.2943 [route.go:362] JiaWbe:Router:RegisterRoute Success GET[/stop]
[DEBUG] 2018-03-15 18:02:15.2944 [route.go:362] JiaWbe:Router:RegisterRoute Success GET[/start]
[DEBUG] 2018-03-15 18:02:15.2944 [route.go:362] JiaWbe:Router:RegisterRoute Success POST[/login]
[DEBUG] 2018-03-15 18:02:15.2944 [route.go:362] JiaWbe:Router:RegisterRoute Success GET[/login]
[DEBUG] 2018-03-15 18:02:15.2944 [route.go:362] JiaWbe:Router:RegisterRoute Success GET[/logout]
[DEBUG] 2018-03-15 18:02:15.2944 [route.go:362] JiaWbe:Router:RegisterRoute Success GET[/readme]
[DEBUG] 2018-03-15 18:02:15.2945 [route.go:362] JiaWbe:Router:RegisterRoute Success GET[/quickStart]
[DEBUG] 2018-03-15 18:02:15.2945 [route.go:362] JiaWbe:Router:RegisterRoute Success GET[/reloadConfig]
[DEBUG] 2018-03-15 18:02:15.2945 [route.go:362] JiaWbe:Router:RegisterRoute Success GET[/deleteClient]
[DEBUG] 2018-03-15 18:02:15.2945 [route.go:362] JiaWbe:Router:RegisterRoute Success GET[/viewConfig]
[DEBUG] 2018-03-15 18:02:15.2946 [route.go:362] JiaWbe:Router:RegisterRoute Success GET[/stopAllTask]
[DEBUG] 2018-03-15 18:02:15.2946 [route.go:362] JiaWbe:Router:RegisterRoute Success GET[/model]
[DEBUG] 2018-03-15 18:02:15.2946 [server.go:142] JiaWeb:HttpServer RegisterModule [initRender]
[DEBUG] 2018-03-15 18:02:15.2946 [server.go:136] JiaWeb:HttpServer ignore favicon
[DEBUG] 2018-03-15 18:02:15.2946 [server.go:142] JiaWeb:HttpServer RegisterModule [IgnoreFAvicon]
[DEBUG] 2018-03-15 18:02:15.2947 [server.go:127] JiaWeb:HttpServer SetJwtConfig failed config nil
[DEBUG] 2018-03-15 18:02:15.2947 [server.go:76] jiaWeb:HttpServer ListenAndServe [:20000]
[DEBUG] 2018-03-15 18:09:01.5618 [jiaweb.go:126] JiaWeb SetPProfConfig [true, 10004]
[DEBUG] 2018-03-15 18:09:01.5623 [jiaweb.go:228] JiaWeb:StartPProfServer[10004] Begin
[DEBUG] 2018-03-15 18:09:01.5623 [group.go:31] JiaWbe:Gropu NewGroup [/jiaweb]
[DEBUG] 2018-03-15 18:09:01.5623 [route.go:362] JiaWbe:Router:RegisterRoute Success GET[/jiaweb/debug/pprof/<key:.+>]
[DEBUG] 2018-03-15 18:09:01.5624 [route.go:362] JiaWbe:Router:RegisterRoute Success GET[/jiaweb/debug/freememory]
[DEBUG] 2018-03-15 18:09:01.5624 [route.go:362] JiaWbe:Router:RegisterRoute Success GET[/jiaweb/debug/state]
[DEBUG] 2018-03-15 18:09:01.5624 [route.go:362] JiaWbe:Router:RegisterRoute Success GET[/jiaweb/debug/query/<key:[^/]*>]
[DEBUG] 2018-03-15 18:09:01.5624 [jiaweb.go:77] JiaWeb start New AppServer
[DEBUG] 2018-03-15 18:09:01.5624 [route.go:362] JiaWbe:Router:RegisterRoute Success GET[/]
[DEBUG] 2018-03-15 18:09:01.5624 [route.go:362] JiaWbe:Router:RegisterRoute Success GET[/list]
[DEBUG] 2018-03-15 18:09:01.5624 [route.go:362] JiaWbe:Router:RegisterRoute Success GET[/log]
[DEBUG] 2018-03-15 18:09:01.5625 [route.go:362] JiaWbe:Router:RegisterRoute Success POST[/update]
[DEBUG] 2018-03-15 18:09:01.5625 [route.go:362] JiaWbe:Router:RegisterRoute Success GET[/update]
[DEBUG] 2018-03-15 18:09:01.5625 [route.go:362] JiaWbe:Router:RegisterRoute Success GET[/stop]
[DEBUG] 2018-03-15 18:09:01.5625 [route.go:362] JiaWbe:Router:RegisterRoute Success GET[/start]
[DEBUG] 2018-03-15 18:09:01.5625 [route.go:362] JiaWbe:Router:RegisterRoute Success POST[/login]
[DEBUG] 2018-03-15 18:09:01.5625 [route.go:362] JiaWbe:Router:RegisterRoute Success GET[/login]
[DEBUG] 2018-03-15 18:09:01.5625 [route.go:362] JiaWbe:Router:RegisterRoute Success GET[/logout]
[DEBUG] 2018-03-15 18:09:01.5626 [route.go:362] JiaWbe:Router:RegisterRoute Success GET[/readme]
[DEBUG] 2018-03-15 18:09:01.5626 [route.go:362] JiaWbe:Router:RegisterRoute Success GET[/quickStart]
[DEBUG] 2018-03-15 18:09:01.5626 [route.go:362] JiaWbe:Router:RegisterRoute Success GET[/reloadConfig]
[DEBUG] 2018-03-15 18:09:01.5626 [route.go:362] JiaWbe:Router:RegisterRoute Success GET[/deleteClient]
[DEBUG] 2018-03-15 18:09:01.5626 [route.go:362] JiaWbe:Router:RegisterRoute Success GET[/viewConfig]
[DEBUG] 2018-03-15 18:09:01.5626 [route.go:362] JiaWbe:Router:RegisterRoute Success GET[/stopAllTask]
[DEBUG] 2018-03-15 18:09:01.5626 [route.go:362] JiaWbe:Router:RegisterRoute Success GET[/model]
[DEBUG] 2018-03-15 18:09:01.5627 [server.go:142] JiaWeb:HttpServer RegisterModule [initRender]
[DEBUG] 2018-03-15 18:09:01.5627 [server.go:136] JiaWeb:HttpServer ignore favicon
[DEBUG] 2018-03-15 18:09:01.5627 [server.go:142] JiaWeb:HttpServer RegisterModule [IgnoreFAvicon]
[DEBUG] 2018-03-15 18:09:01.5627 [server.go:127] JiaWeb:HttpServer SetJwtConfig failed config nil
[DEBUG] 2018-03-15 18:09:01.5627 [server.go:76] jiaWeb:HttpServer ListenAndServe [:20000]
[DEBUG] 2018-03-15 18:09:47.5425 [jiaweb.go:126] JiaWeb SetPProfConfig [true, 10004]
[DEBUG] 2018-03-15 18:09:47.5439 [jiaweb.go:228] JiaWeb:StartPProfServer[10004] Begin
[DEBUG] 2018-03-15 18:09:47.544 [group.go:31] JiaWbe:Gropu NewGroup [/jiaweb]
[DEBUG] 2018-03-15 18:09:47.544 [route.go:362] JiaWbe:Router:RegisterRoute Success GET[/jiaweb/debug/pprof/<key:.+>]
[DEBUG] 2018-03-15 18:09:47.544 [route.go:362] JiaWbe:Router:RegisterRoute Success GET[/jiaweb/debug/freememory]
[DEBUG] 2018-03-15 18:09:47.544 [route.go:362] JiaWbe:Router:RegisterRoute Success GET[/jiaweb/debug/state]
[DEBUG] 2018-03-15 18:09:47.5441 [route.go:362] JiaWbe:Router:RegisterRoute Success GET[/jiaweb/debug/query/<key:[^/]*>]
[DEBUG] 2018-03-15 18:09:47.5441 [jiaweb.go:77] JiaWeb start New AppServer
[DEBUG] 2018-03-15 18:09:47.5441 [route.go:362] JiaWbe:Router:RegisterRoute Success GET[/]
[DEBUG] 2018-03-15 18:09:47.5442 [route.go:362] JiaWbe:Router:RegisterRoute Success GET[/list]
[DEBUG] 2018-03-15 18:09:47.5442 [route.go:362] JiaWbe:Router:RegisterRoute Success GET[/log]
[DEBUG] 2018-03-15 18:09:47.5442 [route.go:362] JiaWbe:Router:RegisterRoute Success POST[/update]
[DEBUG] 2018-03-15 18:09:47.5442 [route.go:362] JiaWbe:Router:RegisterRoute Success GET[/update]
[DEBUG] 2018-03-15 18:09:47.5442 [route.go:362] JiaWbe:Router:RegisterRoute Success GET[/stop]
[DEBUG] 2018-03-15 18:09:47.5443 [route.go:362] JiaWbe:Router:RegisterRoute Success GET[/start]
[DEBUG] 2018-03-15 18:09:47.5443 [route.go:362] JiaWbe:Router:RegisterRoute Success POST[/login]
[DEBUG] 2018-03-15 18:09:47.5443 [route.go:362] JiaWbe:Router:RegisterRoute Success GET[/login]
[DEBUG] 2018-03-15 18:09:47.5443 [route.go:362] JiaWbe:Router:RegisterRoute Success GET[/logout]
[DEBUG] 2018-03-15 18:09:47.5443 [route.go:362] JiaWbe:Router:RegisterRoute Success GET[/readme]
[DEBUG] 2018-03-15 18:09:47.5443 [route.go:362] JiaWbe:Router:RegisterRoute Success GET[/quickStart]
[DEBUG] 2018-03-15 18:09:47.5444 [route.go:362] JiaWbe:Router:RegisterRoute Success GET[/reloadConfig]
[DEBUG] 2018-03-15 18:09:47.5444 [route.go:362] JiaWbe:Router:RegisterRoute Success GET[/deleteClient]
[DEBUG] 2018-03-15 18:09:47.5444 [route.go:362] JiaWbe:Router:RegisterRoute Success GET[/viewConfig]
[DEBUG] 2018-03-15 18:09:47.5444 [route.go:362] JiaWbe:Router:RegisterRoute Success GET[/stopAllTask]
[DEBUG] 2018-03-15 18:09:47.5444 [route.go:362] JiaWbe:Router:RegisterRoute Success GET[/model]
[DEBUG] 2018-03-15 18:09:47.5445 [server.go:142] JiaWeb:HttpServer RegisterModule [initRender]
[DEBUG] 2018-03-15 18:09:47.5445 [server.go:136] JiaWeb:HttpServer ignore favicon
[DEBUG] 2018-03-15 18:09:47.5445 [server.go:142] JiaWeb:HttpServer RegisterModule [IgnoreFAvicon]
[DEBUG] 2018-03-15 18:09:47.5445 [server.go:127] JiaWeb:HttpServer SetJwtConfig failed config nil
[DEBUG] 2018-03-15 18:09:47.5446 [server.go:76] jiaWeb:HttpServer ListenAndServe [:20000]
[DEBUG] 2018-03-15 18:11:42.3239 [jiaweb.go:126] JiaWeb SetPProfConfig [true, 10004]
[DEBUG] 2018-03-15 18:11:42.3243 [jiaweb.go:228] JiaWeb:StartPProfServer[10004] Begin
[DEBUG] 2018-03-15 18:11:42.3243 [group.go:31] JiaWbe:Gropu NewGroup [/jiaweb]
[DEBUG] 2018-03-15 18:11:42.3244 [route.go:362] JiaWbe:Router:RegisterRoute Success GET[/jiaweb/debug/pprof/<key:.+>]
[DEBUG] 2018-03-15 18:11:42.3244 [route.go:362] JiaWbe:Router:RegisterRoute Success GET[/jiaweb/debug/freememory]
[DEBUG] 2018-03-15 18:11:42.3244 [route.go:362] JiaWbe:Router:RegisterRoute Success GET[/jiaweb/debug/state]
[DEBUG] 2018-03-15 18:11:42.3245 [route.go:362] JiaWbe:Router:RegisterRoute Success GET[/jiaweb/debug/query/<key:[^/]*>]
[DEBUG] 2018-03-15 18:11:42.3245 [jiaweb.go:77] JiaWeb start New AppServer
[DEBUG] 2018-03-15 18:11:42.3245 [route.go:362] JiaWbe:Router:RegisterRoute Success GET[/]
[DEBUG] 2018-03-15 18:11:42.3245 [route.go:362] JiaWbe:Router:RegisterRoute Success GET[/list]
[DEBUG] 2018-03-15 18:11:42.3245 [route.go:362] JiaWbe:Router:RegisterRoute Success GET[/log]
[DEBUG] 2018-03-15 18:11:42.3246 [route.go:362] JiaWbe:Router:RegisterRoute Success POST[/update]
[DEBUG] 2018-03-15 18:11:42.3246 [route.go:362] JiaWbe:Router:RegisterRoute Success GET[/update]
[DEBUG] 2018-03-15 18:11:42.3246 [route.go:362] JiaWbe:Router:RegisterRoute Success GET[/stop]
[DEBUG] 2018-03-15 18:11:42.3246 [route.go:362] JiaWbe:Router:RegisterRoute Success GET[/start]
[DEBUG] 2018-03-15 18:11:42.3246 [route.go:362] JiaWbe:Router:RegisterRoute Success POST[/login]
[DEBUG] 2018-03-15 18:11:42.3247 [route.go:362] JiaWbe:Router:RegisterRoute Success GET[/login]
[DEBUG] 2018-03-15 18:11:42.3247 [route.go:362] JiaWbe:Router:RegisterRoute Success GET[/logout]
[DEBUG] 2018-03-15 18:11:42.3247 [route.go:362] JiaWbe:Router:RegisterRoute Success GET[/readme]
[DEBUG] 2018-03-15 18:11:42.3248 [route.go:362] JiaWbe:Router:RegisterRoute Success GET[/quickStart]
[DEBUG] 2018-03-15 18:11:42.3248 [route.go:362] JiaWbe:Router:RegisterRoute Success GET[/reloadConfig]
[DEBUG] 2018-03-15 18:11:42.3248 [route.go:362] JiaWbe:Router:RegisterRoute Success GET[/deleteClient]
[DEBUG] 2018-03-15 18:11:42.3248 [route.go:362] JiaWbe:Router:RegisterRoute Success GET[/viewConfig]
[DEBUG] 2018-03-15 18:11:42.3249 [route.go:362] JiaWbe:Router:RegisterRoute Success GET[/stopAllTask]
[DEBUG] 2018-03-15 18:11:42.3249 [route.go:362] JiaWbe:Router:RegisterRoute Success GET[/model]
[DEBUG] 2018-03-15 18:11:42.3249 [server.go:142] JiaWeb:HttpServer RegisterModule [initRender]
[DEBUG] 2018-03-15 18:11:42.325 [server.go:136] JiaWeb:HttpServer ignore favicon
[DEBUG] 2018-03-15 18:11:42.325 [server.go:142] JiaWeb:HttpServer RegisterModule [IgnoreFAvicon]
[DEBUG] 2018-03-15 18:11:42.325 [server.go:127] JiaWeb:HttpServer SetJwtConfig failed config nil
[DEBUG] 2018-03-15 18:11:42.3251 [server.go:76] jiaWeb:HttpServer ListenAndServe [:20000]
[DEBUG] 2018-03-15 18:13:26.7497 [jiaweb.go:126] JiaWeb SetPProfConfig [true, 10004]
[DEBUG] 2018-03-15 18:13:26.7501 [jiaweb.go:228] JiaWeb:StartPProfServer[10004] Begin
[DEBUG] 2018-03-15 18:13:26.7502 [group.go:31] JiaWbe:Gropu NewGroup [/jiaweb]
[DEBUG] 2018-03-15 18:13:26.7502 [route.go:362] JiaWbe:Router:RegisterRoute Success GET[/jiaweb/debug/pprof/<key:.+>]
[DEBUG] 2018-03-15 18:13:26.7502 [route.go:362] JiaWbe:Router:RegisterRoute Success GET[/jiaweb/debug/freememory]
[DEBUG] 2018-03-15 18:13:26.7502 [route.go:362] JiaWbe:Router:RegisterRoute Success GET[/jiaweb/debug/state]
[DEBUG] 2018-03-15 18:13:26.7502 [route.go:362] JiaWbe:Router:RegisterRoute Success GET[/jiaweb/debug/query/<key:[^/]*>]
[DEBUG] 2018-03-15 18:13:26.7503 [jiaweb.go:77] JiaWeb start New AppServer
[DEBUG] 2018-03-15 18:13:26.7503 [route.go:362] JiaWbe:Router:RegisterRoute Success GET[/]
[DEBUG] 2018-03-15 18:13:26.7503 [route.go:362] JiaWbe:Router:RegisterRoute Success GET[/list]
[DEBUG] 2018-03-15 18:13:26.7503 [route.go:362] JiaWbe:Router:RegisterRoute Success GET[/log]
[DEBUG] 2018-03-15 18:13:26.7503 [route.go:362] JiaWbe:Router:RegisterRoute Success POST[/update]
[DEBUG] 2018-03-15 18:13:26.7504 [route.go:362] JiaWbe:Router:RegisterRoute Success GET[/update]
[DEBUG] 2018-03-15 18:13:26.7504 [route.go:362] JiaWbe:Router:RegisterRoute Success GET[/stop]
[DEBUG] 2018-03-15 18:13:26.7504 [route.go:362] JiaWbe:Router:RegisterRoute Success GET[/start]
[DEBUG] 2018-03-15 18:13:26.7504 [route.go:362] JiaWbe:Router:RegisterRoute Success POST[/login]
[DEBUG] 2018-03-15 18:13:26.7504 [route.go:362] JiaWbe:Router:RegisterRoute Success GET[/login]
[DEBUG] 2018-03-15 18:13:26.7504 [route.go:362] JiaWbe:Router:RegisterRoute Success GET[/logout]
[DEBUG] 2018-03-15 18:13:26.7505 [route.go:362] JiaWbe:Router:RegisterRoute Success GET[/readme]
[DEBUG] 2018-03-15 18:13:26.7505 [route.go:362] JiaWbe:Router:RegisterRoute Success GET[/quickStart]
[DEBUG] 2018-03-15 18:13:26.7505 [route.go:362] JiaWbe:Router:RegisterRoute Success GET[/reloadConfig]
[DEBUG] 2018-03-15 18:13:26.7505 [route.go:362] JiaWbe:Router:RegisterRoute Success GET[/deleteClient]
[DEBUG] 2018-03-15 18:13:26.7505 [route.go:362] JiaWbe:Router:RegisterRoute Success GET[/viewConfig]
[DEBUG] 2018-03-15 18:13:26.7506 [route.go:362] JiaWbe:Router:RegisterRoute Success GET[/stopAllTask]
[DEBUG] 2018-03-15 18:13:26.7506 [route.go:362] JiaWbe:Router:RegisterRoute Success GET[/model]
[DEBUG] 2018-03-15 18:13:26.7506 [server.go:136] JiaWeb:HttpServer ignore favicon
[DEBUG] 2018-03-15 18:13:26.7506 [server.go:142] JiaWeb:HttpServer RegisterModule [IgnoreFAvicon]
[DEBUG] 2018-03-15 18:13:26.7507 [server.go:127] JiaWeb:HttpServer SetJwtConfig failed config nil
[DEBUG] 2018-03-15 18:13:26.7507 [server.go:142] JiaWeb:HttpServer RegisterModule [initRender]
[DEBUG] 2018-03-15 18:13:26.7507 [server.go:76] jiaWeb:HttpServer ListenAndServe [:20000]
[DEBUG] 2018-03-15 18:13:56.1396 [jiaweb.go:126] JiaWeb SetPProfConfig [true, 10004]
[DEBUG] 2018-03-15 18:13:56.1408 [jiaweb.go:228] JiaWeb:StartPProfServer[10004] Begin
[DEBUG] 2018-03-15 18:13:56.1408 [group.go:31] JiaWbe:Gropu NewGroup [/jiaweb]
[DEBUG] 2018-03-15 18:13:56.1408 [route.go:362] JiaWbe:Router:RegisterRoute Success GET[/jiaweb/debug/pprof/<key:.+>]
[DEBUG] 2018-03-15 18:13:56.1409 [route.go:362] JiaWbe:Router:RegisterRoute Success GET[/jiaweb/debug/freememory]
[DEBUG] 2018-03-15 18:13:56.1409 [route.go:362] JiaWbe:Router:RegisterRoute Success GET[/jiaweb/debug/state]
[DEBUG] 2018-03-15 18:13:56.1409 [route.go:362] JiaWbe:Router:RegisterRoute Success GET[/jiaweb/debug/query/<key:[^/]*>]
[DEBUG] 2018-03-15 18:13:56.1409 [jiaweb.go:77] JiaWeb start New AppServer
[DEBUG] 2018-03-15 18:13:56.141 [route.go:362] JiaWbe:Router:RegisterRoute Success GET[/]
[DEBUG] 2018-03-15 18:13:56.141 [route.go:362] JiaWbe:Router:RegisterRoute Success GET[/list]
[DEBUG] 2018-03-15 18:13:56.141 [route.go:362] JiaWbe:Router:RegisterRoute Success GET[/log]
[DEBUG] 2018-03-15 18:13:56.141 [route.go:362] JiaWbe:Router:RegisterRoute Success POST[/update]
[DEBUG] 2018-03-15 18:13:56.141 [route.go:362] JiaWbe:Router:RegisterRoute Success GET[/update]
[DEBUG] 2018-03-15 18:13:56.141 [route.go:362] JiaWbe:Router:RegisterRoute Success GET[/stop]
[DEBUG] 2018-03-15 18:13:56.1411 [route.go:362] JiaWbe:Router:RegisterRoute Success GET[/start]
[DEBUG] 2018-03-15 18:13:56.1411 [route.go:362] JiaWbe:Router:RegisterRoute Success POST[/login]
[DEBUG] 2018-03-15 18:13:56.1411 [route.go:362] JiaWbe:Router:RegisterRoute Success GET[/login]
[DEBUG] 2018-03-15 18:13:56.1411 [route.go:362] JiaWbe:Router:RegisterRoute Success GET[/logout]
[DEBUG] 2018-03-15 18:13:56.1412 [route.go:362] JiaWbe:Router:RegisterRoute Success GET[/readme]
[DEBUG] 2018-03-15 18:13:56.1412 [route.go:362] JiaWbe:Router:RegisterRoute Success GET[/quickStart]
[DEBUG] 2018-03-15 18:13:56.1416 [route.go:362] JiaWbe:Router:RegisterRoute Success GET[/reloadConfig]
[DEBUG] 2018-03-15 18:13:56.1416 [route.go:362] JiaWbe:Router:RegisterRoute Success GET[/deleteClient]
[DEBUG] 2018-03-15 18:13:56.1416 [route.go:362] JiaWbe:Router:RegisterRoute Success GET[/viewConfig]
[DEBUG] 2018-03-15 18:13:56.1417 [route.go:362] JiaWbe:Router:RegisterRoute Success GET[/stopAllTask]
[DEBUG] 2018-03-15 18:13:56.1417 [route.go:362] JiaWbe:Router:RegisterRoute Success GET[/model]
[DEBUG] 2018-03-15 18:13:56.1417 [server.go:136] JiaWeb:HttpServer ignore favicon
[DEBUG] 2018-03-15 18:13:56.1417 [server.go:142] JiaWeb:HttpServer RegisterModule [IgnoreFAvicon]
[DEBUG] 2018-03-15 18:13:56.1418 [server.go:127] JiaWeb:HttpServer SetJwtConfig failed config nil
[DEBUG] 2018-03-15 18:13:56.1418 [server.go:142] JiaWeb:HttpServer RegisterModule [initRender]
[DEBUG] 2018-03-15 18:13:56.1418 [server.go:76] jiaWeb:HttpServer ListenAndServe [:20000]
[DEBUG] 2018-03-15 18:32:19.8805 [jiaweb.go:126] JiaWeb SetPProfConfig [true, 10004]
[DEBUG] 2018-03-15 18:32:19.8831 [jiaweb.go:228] JiaWeb:StartPProfServer[10004] Begin
[DEBUG] 2018-03-15 18:32:19.8831 [group.go:31] JiaWbe:Gropu NewGroup [/jiaweb]
[DEBUG] 2018-03-15 18:32:19.8831 [route.go:362] JiaWbe:Router:RegisterRoute Success GET[/jiaweb/debug/pprof/<key:.+>]
[DEBUG] 2018-03-15 18:32:19.8832 [route.go:362] JiaWbe:Router:RegisterRoute Success GET[/jiaweb/debug/freememory]
[DEBUG] 2018-03-15 18:32:19.8832 [route.go:362] JiaWbe:Router:RegisterRoute Success GET[/jiaweb/debug/state]
[DEBUG] 2018-03-15 18:32:19.8832 [route.go:362] JiaWbe:Router:RegisterRoute Success GET[/jiaweb/debug/query/<key:[^/]*>]
[DEBUG] 2018-03-15 18:32:19.8833 [jiaweb.go:77] JiaWeb start New AppServer
[DEBUG] 2018-03-15 18:32:19.8833 [route.go:362] JiaWbe:Router:RegisterRoute Success GET[/]
[DEBUG] 2018-03-15 18:32:19.8833 [route.go:362] JiaWbe:Router:RegisterRoute Success GET[/list]
[DEBUG] 2018-03-15 18:32:19.8833 [route.go:362] JiaWbe:Router:RegisterRoute Success GET[/log]
[DEBUG] 2018-03-15 18:32:19.8834 [route.go:362] JiaWbe:Router:RegisterRoute Success POST[/update]
[DEBUG] 2018-03-15 18:32:19.8834 [route.go:362] JiaWbe:Router:RegisterRoute Success GET[/update]
[DEBUG] 2018-03-15 18:32:19.8834 [route.go:362] JiaWbe:Router:RegisterRoute Success GET[/stop]
[DEBUG] 2018-03-15 18:32:19.8835 [route.go:362] JiaWbe:Router:RegisterRoute Success GET[/start]
[DEBUG] 2018-03-15 18:32:19.8835 [route.go:362] JiaWbe:Router:RegisterRoute Success POST[/login]
[DEBUG] 2018-03-15 18:32:19.8835 [route.go:362] JiaWbe:Router:RegisterRoute Success GET[/login]
[DEBUG] 2018-03-15 18:32:19.8835 [route.go:362] JiaWbe:Router:RegisterRoute Success GET[/logout]
[DEBUG] 2018-03-15 18:32:19.8835 [route.go:362] JiaWbe:Router:RegisterRoute Success GET[/readme]
[DEBUG] 2018-03-15 18:32:19.8836 [route.go:362] JiaWbe:Router:RegisterRoute Success GET[/quickStart]
[DEBUG] 2018-03-15 18:32:19.8836 [route.go:362] JiaWbe:Router:RegisterRoute Success GET[/reloadConfig]
[DEBUG] 2018-03-15 18:32:19.8836 [route.go:362] JiaWbe:Router:RegisterRoute Success GET[/deleteClient]
[DEBUG] 2018-03-15 18:32:19.8836 [route.go:362] JiaWbe:Router:RegisterRoute Success GET[/viewConfig]
[DEBUG] 2018-03-15 18:32:19.8837 [route.go:362] JiaWbe:Router:RegisterRoute Success GET[/stopAllTask]
[DEBUG] 2018-03-15 18:32:19.8837 [route.go:362] JiaWbe:Router:RegisterRoute Success GET[/model]
[DEBUG] 2018-03-15 18:32:19.8837 [server.go:139] JiaWeb:HttpServer ignore favicon
[DEBUG] 2018-03-15 18:32:19.8838 [server.go:145] JiaWeb:HttpServer RegisterModule [IgnoreFAvicon]
[DEBUG] 2018-03-15 18:32:19.8838 [server.go:122] JiaWeb:HttpServer SetJwtConfig expire:0 name: cookieMaxAge:0
[DEBUG] 2018-03-15 18:32:19.8838 [server.go:145] JiaWeb:HttpServer RegisterModule [initRender]
[DEBUG] 2018-03-15 18:32:19.8839 [server.go:76] jiaWeb:HttpServer ListenAndServe [:20000]
[DEBUG] 2018-03-15 18:33:36.3493 [jiaweb.go:126] JiaWeb SetPProfConfig [true, 10004]
[DEBUG] 2018-03-15 18:33:36.352 [jiaweb.go:228] JiaWeb:StartPProfServer[10004] Begin
[DEBUG] 2018-03-15 18:33:36.352 [group.go:31] JiaWbe:Gropu NewGroup [/jiaweb]
[DEBUG] 2018-03-15 18:33:36.352 [route.go:362] JiaWbe:Router:RegisterRoute Success GET[/jiaweb/debug/pprof/<key:.+>]
[DEBUG] 2018-03-15 18:33:36.3521 [route.go:362] JiaWbe:Router:RegisterRoute Success GET[/jiaweb/debug/freememory]
[DEBUG] 2018-03-15 18:33:36.3521 [route.go:362] JiaWbe:Router:RegisterRoute Success GET[/jiaweb/debug/state]
[DEBUG] 2018-03-15 18:33:36.3521 [route.go:362] JiaWbe:Router:RegisterRoute Success GET[/jiaweb/debug/query/<key:[^/]*>]
[DEBUG] 2018-03-15 18:33:36.3521 [jiaweb.go:77] JiaWeb start New AppServer
[DEBUG] 2018-03-15 18:33:36.3521 [route.go:362] JiaWbe:Router:RegisterRoute Success GET[/]
[DEBUG] 2018-03-15 18:33:36.3522 [route.go:362] JiaWbe:Router:RegisterRoute Success GET[/list]
[DEBUG] 2018-03-15 18:33:36.3522 [route.go:362] JiaWbe:Router:RegisterRoute Success GET[/log]
[DEBUG] 2018-03-15 18:33:36.3522 [route.go:362] JiaWbe:Router:RegisterRoute Success POST[/update]
[DEBUG] 2018-03-15 18:33:36.3522 [route.go:362] JiaWbe:Router:RegisterRoute Success GET[/update]
[DEBUG] 2018-03-15 18:33:36.3522 [route.go:362] JiaWbe:Router:RegisterRoute Success GET[/stop]
[DEBUG] 2018-03-15 18:33:36.3522 [route.go:362] JiaWbe:Router:RegisterRoute Success GET[/start]
[DEBUG] 2018-03-15 18:33:36.3522 [route.go:362] JiaWbe:Router:RegisterRoute Success POST[/login]
[DEBUG] 2018-03-15 18:33:36.3522 [route.go:362] JiaWbe:Router:RegisterRoute Success GET[/login]
[DEBUG] 2018-03-15 18:33:36.3523 [route.go:362] JiaWbe:Router:RegisterRoute Success GET[/logout]
[DEBUG] 2018-03-15 18:33:36.3523 [route.go:362] JiaWbe:Router:RegisterRoute Success GET[/readme]
[DEBUG] 2018-03-15 18:33:36.3523 [route.go:362] JiaWbe:Router:RegisterRoute Success GET[/quickStart]
[DEBUG] 2018-03-15 18:33:36.3523 [route.go:362] JiaWbe:Router:RegisterRoute Success GET[/reloadConfig]
[DEBUG] 2018-03-15 18:33:36.3523 [route.go:362] JiaWbe:Router:RegisterRoute Success GET[/deleteClient]
[DEBUG] 2018-03-15 18:33:36.3523 [route.go:362] JiaWbe:Router:RegisterRoute Success GET[/viewConfig]
[DEBUG] 2018-03-15 18:33:36.3524 [route.go:362] JiaWbe:Router:RegisterRoute Success GET[/stopAllTask]
[DEBUG] 2018-03-15 18:33:36.3524 [route.go:362] JiaWbe:Router:RegisterRoute Success GET[/model]
[DEBUG] 2018-03-15 18:33:36.3524 [server.go:139] JiaWeb:HttpServer ignore favicon
[DEBUG] 2018-03-15 18:33:36.3524 [server.go:145] JiaWeb:HttpServer RegisterModule [IgnoreFAvicon]
[DEBUG] 2018-03-15 18:33:36.3524 [server.go:122] JiaWeb:HttpServer SetJwtConfig expire:86400 name:session-id cookieMaxAge:86400
[DEBUG] 2018-03-15 18:33:36.3525 [server.go:145] JiaWeb:HttpServer RegisterModule [initRender]
[DEBUG] 2018-03-15 18:33:36.3525 [server.go:76] jiaWeb:HttpServer ListenAndServe [:20000]
[DEBUG] 2018-03-15 18:34:37.7013 [jiaweb.go:126] JiaWeb SetPProfConfig [true, 10004]
[DEBUG] 2018-03-15 18:34:37.702 [jiaweb.go:228] JiaWeb:StartPProfServer[10004] Begin
[DEBUG] 2018-03-15 18:34:37.702 [group.go:31] JiaWbe:Gropu NewGroup [/jiaweb]
[DEBUG] 2018-03-15 18:34:37.702 [route.go:362] JiaWbe:Router:RegisterRoute Success GET[/jiaweb/debug/pprof/<key:.+>]
[DEBUG] 2018-03-15 18:34:37.7021 [route.go:362] JiaWbe:Router:RegisterRoute Success GET[/jiaweb/debug/freememory]
[DEBUG] 2018-03-15 18:34:37.7021 [route.go:362] JiaWbe:Router:RegisterRoute Success GET[/jiaweb/debug/state]
[DEBUG] 2018-03-15 18:34:37.7022 [route.go:362] JiaWbe:Router:RegisterRoute Success GET[/jiaweb/debug/query/<key:[^/]*>]
[DEBUG] 2018-03-15 18:34:37.7022 [jiaweb.go:77] JiaWeb start New AppServer
[DEBUG] 2018-03-15 18:34:37.7022 [route.go:362] JiaWbe:Router:RegisterRoute Success GET[/]
[DEBUG] 2018-03-15 18:34:37.7022 [route.go:362] JiaWbe:Router:RegisterRoute Success GET[/list]
[DEBUG] 2018-03-15 18:34:37.7022 [route.go:362] JiaWbe:Router:RegisterRoute Success GET[/log]
[DEBUG] 2018-03-15 18:34:37.7023 [route.go:362] JiaWbe:Router:RegisterRoute Success POST[/update]
[DEBUG] 2018-03-15 18:34:37.7023 [route.go:362] JiaWbe:Router:RegisterRoute Success GET[/update]
[DEBUG] 2018-03-15 18:34:37.7023 [route.go:362] JiaWbe:Router:RegisterRoute Success GET[/stop]
[DEBUG] 2018-03-15 18:34:37.7024 [route.go:362] JiaWbe:Router:RegisterRoute Success GET[/start]
[DEBUG] 2018-03-15 18:34:37.7024 [route.go:362] JiaWbe:Router:RegisterRoute Success POST[/login]
[DEBUG] 2018-03-15 18:34:37.7024 [route.go:362] JiaWbe:Router:RegisterRoute Success GET[/login]
[DEBUG] 2018-03-15 18:34:37.7024 [route.go:362] JiaWbe:Router:RegisterRoute Success GET[/logout]
[DEBUG] 2018-03-15 18:34:37.7025 [route.go:362] JiaWbe:Router:RegisterRoute Success GET[/readme]
[DEBUG] 2018-03-15 18:34:37.7025 [route.go:362] JiaWbe:Router:RegisterRoute Success GET[/quickStart]
[DEBUG] 2018-03-15 18:34:37.7025 [route.go:362] JiaWbe:Router:RegisterRoute Success GET[/reloadConfig]
[DEBUG] 2018-03-15 18:34:37.7026 [route.go:362] JiaWbe:Router:RegisterRoute Success GET[/deleteClient]
[DEBUG] 2018-03-15 18:34:37.7026 [route.go:362] JiaWbe:Router:RegisterRoute Success GET[/viewConfig]
[DEBUG] 2018-03-15 18:34:37.7026 [route.go:362] JiaWbe:Router:RegisterRoute Success GET[/stopAllTask]
[DEBUG] 2018-03-15 18:34:37.7027 [route.go:362] JiaWbe:Router:RegisterRoute Success GET[/model]
[DEBUG] 2018-03-15 18:34:37.7027 [server.go:139] JiaWeb:HttpServer ignore favicon
[DEBUG] 2018-03-15 18:34:37.7027 [server.go:145] JiaWeb:HttpServer RegisterModule [IgnoreFAvicon]
[DEBUG] 2018-03-15 18:34:37.7028 [server.go:122] JiaWeb:HttpServer SetJwtConfig expire:86400 name:session-id cookieMaxAge:86400
[DEBUG] 2018-03-15 18:34:37.7032 [server.go:145] JiaWeb:HttpServer RegisterModule [initRender]
[DEBUG] 2018-03-15 18:34:37.7034 [server.go:76] jiaWeb:HttpServer ListenAndServe [:20000]
[DEBUG] 2018-03-15 18:38:21.6877 [jiaweb.go:126] JiaWeb SetPProfConfig [true, 10004]
[DEBUG] 2018-03-15 18:38:21.6883 [jiaweb.go:228] JiaWeb:StartPProfServer[10004] Begin
[DEBUG] 2018-03-15 18:38:21.6883 [group.go:31] JiaWbe:Gropu NewGroup [/jiaweb]
[DEBUG] 2018-03-15 18:38:21.6884 [route.go:362] JiaWbe:Router:RegisterRoute Success GET[/jiaweb/debug/pprof/<key:.+>]
[DEBUG] 2018-03-15 18:38:21.6884 [route.go:362] JiaWbe:Router:RegisterRoute Success GET[/jiaweb/debug/freememory]
[DEBUG] 2018-03-15 18:38:21.6884 [route.go:362] JiaWbe:Router:RegisterRoute Success GET[/jiaweb/debug/state]
[DEBUG] 2018-03-15 18:38:21.6885 [route.go:362] JiaWbe:Router:RegisterRoute Success GET[/jiaweb/debug/query/<key:[^/]*>]
[DEBUG] 2018-03-15 18:38:21.6885 [jiaweb.go:77] JiaWeb start New AppServer
[DEBUG] 2018-03-15 18:38:21.6885 [route.go:362] JiaWbe:Router:RegisterRoute Success GET[/]
[DEBUG] 2018-03-15 18:38:21.6886 [route.go:362] JiaWbe:Router:RegisterRoute Success GET[/list]
[DEBUG] 2018-03-15 18:38:21.6886 [route.go:362] JiaWbe:Router:RegisterRoute Success GET[/log]
[DEBUG] 2018-03-15 18:38:21.6886 [route.go:362] JiaWbe:Router:RegisterRoute Success POST[/update]
[DEBUG] 2018-03-15 18:38:21.6886 [route.go:362] JiaWbe:Router:RegisterRoute Success GET[/update]
[DEBUG] 2018-03-15 18:38:21.6886 [route.go:362] JiaWbe:Router:RegisterRoute Success GET[/stop]
[DEBUG] 2018-03-15 18:38:21.6886 [route.go:362] JiaWbe:Router:RegisterRoute Success GET[/start]
[DEBUG] 2018-03-15 18:38:21.6887 [route.go:362] JiaWbe:Router:RegisterRoute Success POST[/login]
[DEBUG] 2018-03-15 18:38:21.6887 [route.go:362] JiaWbe:Router:RegisterRoute Success GET[/login]
[DEBUG] 2018-03-15 18:38:21.6887 [route.go:362] JiaWbe:Router:RegisterRoute Success GET[/logout]
[DEBUG] 2018-03-15 18:38:21.6887 [route.go:362] JiaWbe:Router:RegisterRoute Success GET[/readme]
[DEBUG] 2018-03-15 18:38:21.6887 [route.go:362] JiaWbe:Router:RegisterRoute Success GET[/quickStart]
[DEBUG] 2018-03-15 18:38:21.6888 [route.go:362] JiaWbe:Router:RegisterRoute Success GET[/reloadConfig]
[DEBUG] 2018-03-15 18:38:21.6888 [route.go:362] JiaWbe:Router:RegisterRoute Success GET[/deleteClient]
[DEBUG] 2018-03-15 18:38:21.6888 [route.go:362] JiaWbe:Router:RegisterRoute Success GET[/viewConfig]
[DEBUG] 2018-03-15 18:38:21.6888 [route.go:362] JiaWbe:Router:RegisterRoute Success GET[/stopAllTask]
[DEBUG] 2018-03-15 18:38:21.6888 [route.go:362] JiaWbe:Router:RegisterRoute Success GET[/model]
[DEBUG] 2018-03-15 18:38:21.6889 [server.go:139] JiaWeb:HttpServer ignore favicon
[DEBUG] 2018-03-15 18:38:21.6889 [server.go:145] JiaWeb:HttpServer RegisterModule [IgnoreFAvicon]
[DEBUG] 2018-03-15 18:38:21.6889 [server.go:122] JiaWeb:HttpServer SetJwtConfig expire:86400 name:session-id cookieMaxAge:86400
[DEBUG] 2018-03-15 18:38:21.6893 [server.go:145] JiaWeb:HttpServer RegisterModule [initRender]
[DEBUG] 2018-03-15 18:38:21.6893 [server.go:76] jiaWeb:HttpServer ListenAndServe [:20000]
[DEBUG] 2018-03-15 18:39:14.1434 [jiaweb.go:126] JiaWeb SetPProfConfig [true, 10004]
[DEBUG] 2018-03-15 18:39:14.1451 [jiaweb.go:228] JiaWeb:StartPProfServer[10004] Begin
[DEBUG] 2018-03-15 18:39:14.1452 [group.go:31] JiaWbe:Gropu NewGroup [/jiaweb]
[DEBUG] 2018-03-15 18:39:14.1452 [route.go:362] JiaWbe:Router:RegisterRoute Success GET[/jiaweb/debug/pprof/<key:.+>]
[DEBUG] 2018-03-15 18:39:14.1452 [route.go:362] JiaWbe:Router:RegisterRoute Success GET[/jiaweb/debug/freememory]
[DEBUG] 2018-03-15 18:39:14.1452 [route.go:362] JiaWbe:Router:RegisterRoute Success GET[/jiaweb/debug/state]
[DEBUG] 2018-03-15 18:39:14.1453 [route.go:362] JiaWbe:Router:RegisterRoute Success GET[/jiaweb/debug/query/<key:[^/]*>]
[DEBUG] 2018-03-15 18:39:14.1453 [jiaweb.go:77] JiaWeb start New AppServer
[DEBUG] 2018-03-15 18:39:14.1453 [route.go:362] JiaWbe:Router:RegisterRoute Success GET[/]
[DEBUG] 2018-03-15 18:39:14.1453 [route.go:362] JiaWbe:Router:RegisterRoute Success GET[/list]
[DEBUG] 2018-03-15 18:39:14.1454 [route.go:362] JiaWbe:Router:RegisterRoute Success GET[/log]
[DEBUG] 2018-03-15 18:39:14.1454 [route.go:362] JiaWbe:Router:RegisterRoute Success POST[/update]
[DEBUG] 2018-03-15 18:39:14.1454 [route.go:362] JiaWbe:Router:RegisterRoute Success GET[/update]
[DEBUG] 2018-03-15 18:39:14.1454 [route.go:362] JiaWbe:Router:RegisterRoute Success GET[/stop]
[DEBUG] 2018-03-15 18:39:14.1455 [route.go:362] JiaWbe:Router:RegisterRoute Success GET[/start]
[DEBUG] 2018-03-15 18:39:14.1455 [route.go:362] JiaWbe:Router:RegisterRoute Success POST[/login]
[DEBUG] 2018-03-15 18:39:14.1455 [route.go:362] JiaWbe:Router:RegisterRoute Success GET[/login]
[DEBUG] 2018-03-15 18:39:14.1455 [route.go:362] JiaWbe:Router:RegisterRoute Success GET[/logout]
[DEBUG] 2018-03-15 18:39:14.1456 [route.go:362] JiaWbe:Router:RegisterRoute Success GET[/readme]
[DEBUG] 2018-03-15 18:39:14.1456 [route.go:362] JiaWbe:Router:RegisterRoute Success GET[/quickStart]
[DEBUG] 2018-03-15 18:39:14.1456 [route.go:362] JiaWbe:Router:RegisterRoute Success GET[/reloadConfig]
[DEBUG] 2018-03-15 18:39:14.1456 [route.go:362] JiaWbe:Router:RegisterRoute Success GET[/deleteClient]
[DEBUG] 2018-03-15 18:39:14.1457 [route.go:362] JiaWbe:Router:RegisterRoute Success GET[/viewConfig]
[DEBUG] 2018-03-15 18:39:14.1457 [route.go:362] JiaWbe:Router:RegisterRoute Success GET[/stopAllTask]
[DEBUG] 2018-03-15 18:39:14.1457 [route.go:362] JiaWbe:Router:RegisterRoute Success GET[/model]
[DEBUG] 2018-03-15 18:39:14.1459 [server.go:139] JiaWeb:HttpServer ignore favicon
[DEBUG] 2018-03-15 18:39:14.1461 [server.go:145] JiaWeb:HttpServer RegisterModule [IgnoreFAvicon]
[DEBUG] 2018-03-15 18:39:14.1463 [server.go:122] JiaWeb:HttpServer SetJwtConfig expire:86400 name:session-id cookieMaxAge:86400
[DEBUG] 2018-03-15 18:39:14.1464 [server.go:145] JiaWeb:HttpServer RegisterModule [initRender]
[DEBUG] 2018-03-15 18:39:14.1464 [server.go:76] jiaWeb:HttpServer ListenAndServe [:20000]
[DEBUG] 2018-03-15 18:39:37.6801 [jiaweb.go:126] JiaWeb SetPProfConfig [true, 10004]
[DEBUG] 2018-03-15 18:39:37.681 [jiaweb.go:228] JiaWeb:StartPProfServer[10004] Begin
[DEBUG] 2018-03-15 18:39:37.6811 [group.go:31] JiaWbe:Gropu NewGroup [/jiaweb]
[DEBUG] 2018-03-15 18:39:37.6811 [route.go:362] JiaWbe:Router:RegisterRoute Success GET[/jiaweb/debug/pprof/<key:.+>]
[DEBUG] 2018-03-15 18:39:37.6811 [route.go:362] JiaWbe:Router:RegisterRoute Success GET[/jiaweb/debug/freememory]
[DEBUG] 2018-03-15 18:39:37.6812 [route.go:362] JiaWbe:Router:RegisterRoute Success GET[/jiaweb/debug/state]
[DEBUG] 2018-03-15 18:39:37.6812 [route.go:362] JiaWbe:Router:RegisterRoute Success GET[/jiaweb/debug/query/<key:[^/]*>]
[DEBUG] 2018-03-15 18:39:37.6812 [jiaweb.go:77] JiaWeb start New AppServer
[DEBUG] 2018-03-15 18:39:37.6812 [route.go:362] JiaWbe:Router:RegisterRoute Success GET[/]
[DEBUG] 2018-03-15 18:39:37.6813 [route.go:362] JiaWbe:Router:RegisterRoute Success GET[/list]
[DEBUG] 2018-03-15 18:39:37.6813 [route.go:362] JiaWbe:Router:RegisterRoute Success GET[/log]
[DEBUG] 2018-03-15 18:39:37.6813 [route.go:362] JiaWbe:Router:RegisterRoute Success POST[/update]
[DEBUG] 2018-03-15 18:39:37.6813 [route.go:362] JiaWbe:Router:RegisterRoute Success GET[/update]
[DEBUG] 2018-03-15 18:39:37.6814 [route.go:362] JiaWbe:Router:RegisterRoute Success GET[/stop]
[DEBUG] 2018-03-15 18:39:37.6814 [route.go:362] JiaWbe:Router:RegisterRoute Success GET[/start]
[DEBUG] 2018-03-15 18:39:37.6815 [route.go:362] JiaWbe:Router:RegisterRoute Success POST[/login]
[DEBUG] 2018-03-15 18:39:37.6815 [route.go:362] JiaWbe:Router:RegisterRoute Success GET[/login]
[DEBUG] 2018-03-15 18:39:37.6815 [route.go:362] JiaWbe:Router:RegisterRoute Success GET[/logout]
[DEBUG] 2018-03-15 18:39:37.6818 [route.go:362] JiaWbe:Router:RegisterRoute Success GET[/readme]
[DEBUG] 2018-03-15 18:39:37.6819 [route.go:362] JiaWbe:Router:RegisterRoute Success GET[/quickStart]
[DEBUG] 2018-03-15 18:39:37.682 [route.go:362] JiaWbe:Router:RegisterRoute Success GET[/reloadConfig]
[DEBUG] 2018-03-15 18:39:37.682 [route.go:362] JiaWbe:Router:RegisterRoute Success GET[/deleteClient]
[DEBUG] 2018-03-15 18:39:37.682 [route.go:362] JiaWbe:Router:RegisterRoute Success GET[/viewConfig]
[DEBUG] 2018-03-15 18:39:37.682 [route.go:362] JiaWbe:Router:RegisterRoute Success GET[/stopAllTask]
[DEBUG] 2018-03-15 18:39:37.682 [route.go:362] JiaWbe:Router:RegisterRoute Success GET[/model]
[DEBUG] 2018-03-15 18:39:37.6821 [server.go:139] JiaWeb:HttpServer ignore favicon
[DEBUG] 2018-03-15 18:39:37.6821 [server.go:145] JiaWeb:HttpServer RegisterModule [IgnoreFAvicon]
[DEBUG] 2018-03-15 18:39:37.6821 [server.go:122] JiaWeb:HttpServer SetJwtConfig expire:86400 name:session-id cookieMaxAge:86400
[DEBUG] 2018-03-15 18:39:37.6821 [server.go:145] JiaWeb:HttpServer RegisterModule [initRender]
[DEBUG] 2018-03-15 18:39:37.6822 [server.go:76] jiaWeb:HttpServer ListenAndServe [:20000]
[DEBUG] 2018-03-15 18:39:58.0173 [jiaweb.go:126] JiaWeb SetPProfConfig [true, 10004]
[DEBUG] 2018-03-15 18:39:58.0192 [jiaweb.go:228] JiaWeb:StartPProfServer[10004] Begin
[DEBUG] 2018-03-15 18:39:58.0193 [group.go:31] JiaWbe:Gropu NewGroup [/jiaweb]
[DEBUG] 2018-03-15 18:39:58.0193 [route.go:362] JiaWbe:Router:RegisterRoute Success GET[/jiaweb/debug/pprof/<key:.+>]
[DEBUG] 2018-03-15 18:39:58.0193 [route.go:362] JiaWbe:Router:RegisterRoute Success GET[/jiaweb/debug/freememory]
[DEBUG] 2018-03-15 18:39:58.0194 [route.go:362] JiaWbe:Router:RegisterRoute Success GET[/jiaweb/debug/state]
[DEBUG] 2018-03-15 18:39:58.0196 [route.go:362] JiaWbe:Router:RegisterRoute Success GET[/jiaweb/debug/query/<key:[^/]*>]
[DEBUG] 2018-03-15 18:39:58.0197 [jiaweb.go:77] JiaWeb start New AppServer
[DEBUG] 2018-03-15 18:39:58.0198 [route.go:362] JiaWbe:Router:RegisterRoute Success GET[/]
[DEBUG] 2018-03-15 18:39:58.0198 [route.go:362] JiaWbe:Router:RegisterRoute Success GET[/list]
[DEBUG] 2018-03-15 18:39:58.02 [route.go:362] JiaWbe:Router:RegisterRoute Success GET[/log]
[DEBUG] 2018-03-15 18:39:58.02 [route.go:362] JiaWbe:Router:RegisterRoute Success POST[/update]
[DEBUG] 2018-03-15 18:39:58.0201 [route.go:362] JiaWbe:Router:RegisterRoute Success GET[/update]
[DEBUG] 2018-03-15 18:39:58.0201 [route.go:362] JiaWbe:Router:RegisterRoute Success GET[/stop]
[DEBUG] 2018-03-15 18:39:58.0201 [route.go:362] JiaWbe:Router:RegisterRoute Success GET[/start]
[DEBUG] 2018-03-15 18:39:58.0201 [route.go:362] JiaWbe:Router:RegisterRoute Success POST[/login]
[DEBUG] 2018-03-15 18:39:58.0202 [route.go:362] JiaWbe:Router:RegisterRoute Success GET[/login]
[DEBUG] 2018-03-15 18:39:58.0202 [route.go:362] JiaWbe:Router:RegisterRoute Success GET[/logout]
[DEBUG] 2018-03-15 18:39:58.0202 [route.go:362] JiaWbe:Router:RegisterRoute Success GET[/readme]
[DEBUG] 2018-03-15 18:39:58.0204 [route.go:362] JiaWbe:Router:RegisterRoute Success GET[/quickStart]
[DEBUG] 2018-03-15 18:39:58.0206 [route.go:362] JiaWbe:Router:RegisterRoute Success GET[/reloadConfig]
[DEBUG] 2018-03-15 18:39:58.0206 [route.go:362] JiaWbe:Router:RegisterRoute Success GET[/deleteClient]
[DEBUG] 2018-03-15 18:39:58.0207 [route.go:362] JiaWbe:Router:RegisterRoute Success GET[/viewConfig]
[DEBUG] 2018-03-15 18:39:58.0207 [route.go:362] JiaWbe:Router:RegisterRoute Success GET[/stopAllTask]
[DEBUG] 2018-03-15 18:39:58.0208 [route.go:362] JiaWbe:Router:RegisterRoute Success GET[/model]
[DEBUG] 2018-03-15 18:39:58.021 [server.go:139] JiaWeb:HttpServer ignore favicon
[DEBUG] 2018-03-15 18:39:58.0211 [server.go:145] JiaWeb:HttpServer RegisterModule [IgnoreFAvicon]
[DEBUG] 2018-03-15 18:39:58.0212 [server.go:122] JiaWeb:HttpServer SetJwtConfig expire:86400 name:session-id cookieMaxAge:86400
[DEBUG] 2018-03-15 18:39:58.0212 [server.go:145] JiaWeb:HttpServer RegisterModule [initRender]
[DEBUG] 2018-03-15 18:39:58.0212 [server.go:76] jiaWeb:HttpServer ListenAndServe [:20000]
[DEBUG] 2018-03-15 18:40:24.6004 [jiaweb.go:126] JiaWeb SetPProfConfig [true, 10004]
[DEBUG] 2018-03-15 18:40:24.601 [jiaweb.go:228] JiaWeb:StartPProfServer[10004] Begin
[DEBUG] 2018-03-15 18:40:24.601 [group.go:31] JiaWbe:Gropu NewGroup [/jiaweb]
[DEBUG] 2018-03-15 18:40:24.6011 [route.go:362] JiaWbe:Router:RegisterRoute Success GET[/jiaweb/debug/pprof/<key:.+>]
[DEBUG] 2018-03-15 18:40:24.6011 [route.go:362] JiaWbe:Router:RegisterRoute Success GET[/jiaweb/debug/freememory]
[DEBUG] 2018-03-15 18:40:24.6011 [route.go:362] JiaWbe:Router:RegisterRoute Success GET[/jiaweb/debug/state]
[DEBUG] 2018-03-15 18:40:24.6011 [route.go:362] JiaWbe:Router:RegisterRoute Success GET[/jiaweb/debug/query/<key:[^/]*>]
[DEBUG] 2018-03-15 18:40:24.6011 [jiaweb.go:77] JiaWeb start New AppServer
[DEBUG] 2018-03-15 18:40:24.6011 [route.go:362] JiaWbe:Router:RegisterRoute Success GET[/]
[DEBUG] 2018-03-15 18:40:24.6012 [route.go:362] JiaWbe:Router:RegisterRoute Success GET[/list]
[DEBUG] 2018-03-15 18:40:24.6012 [route.go:362] JiaWbe:Router:RegisterRoute Success GET[/log]
[DEBUG] 2018-03-15 18:40:24.6012 [route.go:362] JiaWbe:Router:RegisterRoute Success POST[/update]
[DEBUG] 2018-03-15 18:40:24.6012 [route.go:362] JiaWbe:Router:RegisterRoute Success GET[/update]
[DEBUG] 2018-03-15 18:40:24.6012 [route.go:362] JiaWbe:Router:RegisterRoute Success GET[/stop]
[DEBUG] 2018-03-15 18:40:24.6013 [route.go:362] JiaWbe:Router:RegisterRoute Success GET[/start]
[DEBUG] 2018-03-15 18:40:24.6013 [route.go:362] JiaWbe:Router:RegisterRoute Success POST[/login]
[DEBUG] 2018-03-15 18:40:24.6013 [route.go:362] JiaWbe:Router:RegisterRoute Success GET[/login]
[DEBUG] 2018-03-15 18:40:24.6013 [route.go:362] JiaWbe:Router:RegisterRoute Success GET[/logout]
[DEBUG] 2018-03-15 18:40:24.6013 [route.go:362] JiaWbe:Router:RegisterRoute Success GET[/readme]
[DEBUG] 2018-03-15 18:40:24.6013 [route.go:362] JiaWbe:Router:RegisterRoute Success GET[/quickStart]
[DEBUG] 2018-03-15 18:40:24.6013 [route.go:362] JiaWbe:Router:RegisterRoute Success GET[/reloadConfig]
[DEBUG] 2018-03-15 18:40:24.6014 [route.go:362] JiaWbe:Router:RegisterRoute Success GET[/deleteClient]
[DEBUG] 2018-03-15 18:40:24.6014 [route.go:362] JiaWbe:Router:RegisterRoute Success GET[/viewConfig]
[DEBUG] 2018-03-15 18:40:24.6014 [route.go:362] JiaWbe:Router:RegisterRoute Success GET[/stopAllTask]
[DEBUG] 2018-03-15 18:40:24.6014 [route.go:362] JiaWbe:Router:RegisterRoute Success GET[/model]
[DEBUG] 2018-03-15 18:40:24.6015 [server.go:139] JiaWeb:HttpServer ignore favicon
[DEBUG] 2018-03-15 18:40:24.6015 [server.go:145] JiaWeb:HttpServer RegisterModule [IgnoreFAvicon]
[DEBUG] 2018-03-15 18:40:24.6015 [server.go:122] JiaWeb:HttpServer SetJwtConfig expire:86400 name:session-id cookieMaxAge:86400
[DEBUG] 2018-03-15 18:40:24.6015 [server.go:145] JiaWeb:HttpServer RegisterModule [initRender]
[DEBUG] 2018-03-15 18:40:24.6015 [server.go:76] jiaWeb:HttpServer ListenAndServe [:20000]
[DEBUG] 2018-03-15 18:40:39.1715 [jiaweb.go:126] JiaWeb SetPProfConfig [true, 10004]
[DEBUG] 2018-03-15 18:40:39.1722 [jiaweb.go:228] JiaWeb:StartPProfServer[10004] Begin
[DEBUG] 2018-03-15 18:40:39.1722 [group.go:31] JiaWbe:Gropu NewGroup [/jiaweb]
[DEBUG] 2018-03-15 18:40:39.1723 [route.go:362] JiaWbe:Router:RegisterRoute Success GET[/jiaweb/debug/pprof/<key:.+>]
[DEBUG] 2018-03-15 18:40:39.1723 [route.go:362] JiaWbe:Router:RegisterRoute Success GET[/jiaweb/debug/freememory]
[DEBUG] 2018-03-15 18:40:39.1723 [route.go:362] JiaWbe:Router:RegisterRoute Success GET[/jiaweb/debug/state]
[DEBUG] 2018-03-15 18:40:39.1723 [route.go:362] JiaWbe:Router:RegisterRoute Success GET[/jiaweb/debug/query/<key:[^/]*>]
[DEBUG] 2018-03-15 18:40:39.1724 [jiaweb.go:77] JiaWeb start New AppServer
[DEBUG] 2018-03-15 18:40:39.1724 [route.go:362] JiaWbe:Router:RegisterRoute Success GET[/]
[DEBUG] 2018-03-15 18:40:39.1724 [route.go:362] JiaWbe:Router:RegisterRoute Success GET[/list]
[DEBUG] 2018-03-15 18:40:39.1724 [route.go:362] JiaWbe:Router:RegisterRoute Success GET[/log]
[DEBUG] 2018-03-15 18:40:39.1725 [route.go:362] JiaWbe:Router:RegisterRoute Success POST[/update]
[DEBUG] 2018-03-15 18:40:39.1725 [route.go:362] JiaWbe:Router:RegisterRoute Success GET[/update]
[DEBUG] 2018-03-15 18:40:39.1725 [route.go:362] JiaWbe:Router:RegisterRoute Success GET[/stop]
[DEBUG] 2018-03-15 18:40:39.1726 [route.go:362] JiaWbe:Router:RegisterRoute Success GET[/start]
[DEBUG] 2018-03-15 18:40:39.1726 [route.go:362] JiaWbe:Router:RegisterRoute Success POST[/login]
[DEBUG] 2018-03-15 18:40:39.1726 [route.go:362] JiaWbe:Router:RegisterRoute Success GET[/login]
[DEBUG] 2018-03-15 18:40:39.1727 [route.go:362] JiaWbe:Router:RegisterRoute Success GET[/logout]
[DEBUG] 2018-03-15 18:40:39.1727 [route.go:362] JiaWbe:Router:RegisterRoute Success GET[/readme]
[DEBUG] 2018-03-15 18:40:39.1727 [route.go:362] JiaWbe:Router:RegisterRoute Success GET[/quickStart]
[DEBUG] 2018-03-15 18:40:39.1728 [route.go:362] JiaWbe:Router:RegisterRoute Success GET[/reloadConfig]
[DEBUG] 2018-03-15 18:40:39.1728 [route.go:362] JiaWbe:Router:RegisterRoute Success GET[/deleteClient]
[DEBUG] 2018-03-15 18:40:39.1728 [route.go:362] JiaWbe:Router:RegisterRoute Success GET[/viewConfig]
[DEBUG] 2018-03-15 18:40:39.1729 [route.go:362] JiaWbe:Router:RegisterRoute Success GET[/stopAllTask]
[DEBUG] 2018-03-15 18:40:39.1729 [route.go:362] JiaWbe:Router:RegisterRoute Success GET[/model]
[DEBUG] 2018-03-15 18:40:39.1729 [server.go:139] JiaWeb:HttpServer ignore favicon
[DEBUG] 2018-03-15 18:40:39.173 [server.go:145] JiaWeb:HttpServer RegisterModule [IgnoreFAvicon]
[DEBUG] 2018-03-15 18:40:39.1731 [server.go:122] JiaWeb:HttpServer SetJwtConfig expire:86400 name:session-id cookieMaxAge:86400
[DEBUG] 2018-03-15 18:40:39.1732 [server.go:145] JiaWeb:HttpServer RegisterModule [initRender]
[DEBUG] 2018-03-15 18:40:39.1732 [server.go:76] jiaWeb:HttpServer ListenAndServe [:20000]
[DEBUG] 2018-03-15 18:41:12.5089 [jiaweb.go:126] JiaWeb SetPProfConfig [true, 10004]
[DEBUG] 2018-03-15 18:41:12.5105 [jiaweb.go:228] JiaWeb:StartPProfServer[10004] Begin
[DEBUG] 2018-03-15 18:41:12.5105 [group.go:31] JiaWbe:Gropu NewGroup [/jiaweb]
[DEBUG] 2018-03-15 18:41:12.5105 [route.go:362] JiaWbe:Router:RegisterRoute Success GET[/jiaweb/debug/pprof/<key:.+>]
[DEBUG] 2018-03-15 18:41:12.5106 [route.go:362] JiaWbe:Router:RegisterRoute Success GET[/jiaweb/debug/freememory]
[DEBUG] 2018-03-15 18:41:12.5106 [route.go:362] JiaWbe:Router:RegisterRoute Success GET[/jiaweb/debug/state]
[DEBUG] 2018-03-15 18:41:12.5106 [route.go:362] JiaWbe:Router:RegisterRoute Success GET[/jiaweb/debug/query/<key:[^/]*>]
[DEBUG] 2018-03-15 18:41:12.5107 [jiaweb.go:77] JiaWeb start New AppServer
[DEBUG] 2018-03-15 18:41:12.5107 [route.go:362] JiaWbe:Router:RegisterRoute Success GET[/]
[DEBUG] 2018-03-15 18:41:12.5108 [route.go:362] JiaWbe:Router:RegisterRoute Success GET[/list]
[DEBUG] 2018-03-15 18:41:12.5108 [route.go:362] JiaWbe:Router:RegisterRoute Success GET[/log]
[DEBUG] 2018-03-15 18:41:12.5109 [route.go:362] JiaWbe:Router:RegisterRoute Success POST[/update]
[DEBUG] 2018-03-15 18:41:12.5109 [route.go:362] JiaWbe:Router:RegisterRoute Success GET[/update]
[DEBUG] 2018-03-15 18:41:12.5109 [route.go:362] JiaWbe:Router:RegisterRoute Success GET[/stop]
[DEBUG] 2018-03-15 18:41:12.5109 [route.go:362] JiaWbe:Router:RegisterRoute Success GET[/start]
[DEBUG] 2018-03-15 18:41:12.511 [route.go:362] JiaWbe:Router:RegisterRoute Success POST[/login]
[DEBUG] 2018-03-15 18:41:12.511 [route.go:362] JiaWbe:Router:RegisterRoute Success GET[/login]
[DEBUG] 2018-03-15 18:41:12.511 [route.go:362] JiaWbe:Router:RegisterRoute Success GET[/logout]
[DEBUG] 2018-03-15 18:41:12.5111 [route.go:362] JiaWbe:Router:RegisterRoute Success GET[/readme]
[DEBUG] 2018-03-15 18:41:12.5112 [route.go:362] JiaWbe:Router:RegisterRoute Success GET[/quickStart]
[DEBUG] 2018-03-15 18:41:12.5112 [route.go:362] JiaWbe:Router:RegisterRoute Success GET[/reloadConfig]
[DEBUG] 2018-03-15 18:41:12.5112 [route.go:362] JiaWbe:Router:RegisterRoute Success GET[/deleteClient]
[DEBUG] 2018-03-15 18:41:12.5112 [route.go:362] JiaWbe:Router:RegisterRoute Success GET[/viewConfig]
[DEBUG] 2018-03-15 18:41:12.5113 [route.go:362] JiaWbe:Router:RegisterRoute Success GET[/stopAllTask]
[DEBUG] 2018-03-15 18:41:12.5113 [route.go:362] JiaWbe:Router:RegisterRoute Success GET[/model]
[DEBUG] 2018-03-15 18:41:12.5113 [server.go:139] JiaWeb:HttpServer ignore favicon
[DEBUG] 2018-03-15 18:41:12.5113 [server.go:145] JiaWeb:HttpServer RegisterModule [IgnoreFAvicon]
[DEBUG] 2018-03-15 18:41:12.5114 [server.go:122] JiaWeb:HttpServer SetJwtConfig expire:86400 name:session-id cookieMaxAge:86400
[DEBUG] 2018-03-15 18:41:12.5114 [server.go:145] JiaWeb:HttpServer RegisterModule [initRender]
[DEBUG] 2018-03-15 18:41:12.5114 [server.go:76] jiaWeb:HttpServer ListenAndServe [:20000]
[DEBUG] 2018-03-15 18:42:49.1884 [jiaweb.go:126] JiaWeb SetPProfConfig [true, 10004]
[DEBUG] 2018-03-15 18:42:49.1902 [jiaweb.go:228] JiaWeb:StartPProfServer[10004] Begin
[DEBUG] 2018-03-15 18:42:49.1903 [group.go:31] JiaWbe:Gropu NewGroup [/jiaweb]
[DEBUG] 2018-03-15 18:42:49.1903 [route.go:362] JiaWbe:Router:RegisterRoute Success GET[/jiaweb/debug/pprof/<key:.+>]
[DEBUG] 2018-03-15 18:42:49.1903 [route.go:362] JiaWbe:Router:RegisterRoute Success GET[/jiaweb/debug/freememory]
[DEBUG] 2018-03-15 18:42:49.1904 [route.go:362] JiaWbe:Router:RegisterRoute Success GET[/jiaweb/debug/state]
[DEBUG] 2018-03-15 18:42:49.1904 [route.go:362] JiaWbe:Router:RegisterRoute Success GET[/jiaweb/debug/query/<key:[^/]*>]
[DEBUG] 2018-03-15 18:42:49.1904 [jiaweb.go:77] JiaWeb start New AppServer
[DEBUG] 2018-03-15 18:42:49.1905 [route.go:362] JiaWbe:Router:RegisterRoute Success GET[/]
[DEBUG] 2018-03-15 18:42:49.1905 [route.go:362] JiaWbe:Router:RegisterRoute Success GET[/list]
[DEBUG] 2018-03-15 18:42:49.1905 [route.go:362] JiaWbe:Router:RegisterRoute Success GET[/log]
[DEBUG] 2018-03-15 18:42:49.1906 [route.go:362] JiaWbe:Router:RegisterRoute Success POST[/update]
[DEBUG] 2018-03-15 18:42:49.1906 [route.go:362] JiaWbe:Router:RegisterRoute Success GET[/update]
[DEBUG] 2018-03-15 18:42:49.1906 [route.go:362] JiaWbe:Router:RegisterRoute Success GET[/stop]
[DEBUG] 2018-03-15 18:42:49.1906 [route.go:362] JiaWbe:Router:RegisterRoute Success GET[/start]
[DEBUG] 2018-03-15 18:42:49.1907 [route.go:362] JiaWbe:Router:RegisterRoute Success POST[/login]
[DEBUG] 2018-03-15 18:42:49.1908 [route.go:362] JiaWbe:Router:RegisterRoute Success GET[/login]
[DEBUG] 2018-03-15 18:42:49.1908 [route.go:362] JiaWbe:Router:RegisterRoute Success GET[/logout]
[DEBUG] 2018-03-15 18:42:49.1908 [route.go:362] JiaWbe:Router:RegisterRoute Success GET[/readme]
[DEBUG] 2018-03-15 18:42:49.1909 [route.go:362] JiaWbe:Router:RegisterRoute Success GET[/quickStart]
[DEBUG] 2018-03-15 18:42:49.1909 [route.go:362] JiaWbe:Router:RegisterRoute Success GET[/reloadConfig]
[DEBUG] 2018-03-15 18:42:49.191 [route.go:362] JiaWbe:Router:RegisterRoute Success GET[/deleteClient]
[DEBUG] 2018-03-15 18:42:49.191 [route.go:362] JiaWbe:Router:RegisterRoute Success GET[/viewConfig]
[DEBUG] 2018-03-15 18:42:49.191 [route.go:362] JiaWbe:Router:RegisterRoute Success GET[/stopAllTask]
[DEBUG] 2018-03-15 18:42:49.1911 [route.go:362] JiaWbe:Router:RegisterRoute Success GET[/model]
[DEBUG] 2018-03-15 18:42:49.1911 [server.go:139] JiaWeb:HttpServer ignore favicon
[DEBUG] 2018-03-15 18:42:49.1911 [server.go:145] JiaWeb:HttpServer RegisterModule [IgnoreFAvicon]
[DEBUG] 2018-03-15 18:42:49.1912 [server.go:122] JiaWeb:HttpServer SetJwtConfig expire:86400 name:session-id cookieMaxAge:86400
[DEBUG] 2018-03-15 18:42:49.1912 [server.go:145] JiaWeb:HttpServer RegisterModule [initRender]
[DEBUG] 2018-03-15 18:42:49.1913 [server.go:76] jiaWeb:HttpServer ListenAndServe [:20000]
[DEBUG] 2018-03-15 18:44:57.5015 [jiaweb.go:126] JiaWeb SetPProfConfig [true, 10004]
[DEBUG] 2018-03-15 18:44:57.5021 [jiaweb.go:228] JiaWeb:StartPProfServer[10004] Begin
[DEBUG] 2018-03-15 18:44:57.5022 [group.go:31] JiaWbe:Gropu NewGroup [/jiaweb]
[DEBUG] 2018-03-15 18:44:57.5022 [route.go:362] JiaWbe:Router:RegisterRoute Success GET[/jiaweb/debug/pprof/<key:.+>]
[DEBUG] 2018-03-15 18:44:57.5022 [route.go:362] JiaWbe:Router:RegisterRoute Success GET[/jiaweb/debug/freememory]
[DEBUG] 2018-03-15 18:44:57.5022 [route.go:362] JiaWbe:Router:RegisterRoute Success GET[/jiaweb/debug/state]
[DEBUG] 2018-03-15 18:44:57.5023 [route.go:362] JiaWbe:Router:RegisterRoute Success GET[/jiaweb/debug/query/<key:[^/]*>]
[DEBUG] 2018-03-15 18:44:57.5023 [jiaweb.go:77] JiaWeb start New AppServer
[DEBUG] 2018-03-15 18:44:57.5023 [route.go:362] JiaWbe:Router:RegisterRoute Success GET[/]
[DEBUG] 2018-03-15 18:44:57.5023 [route.go:362] JiaWbe:Router:RegisterRoute Success GET[/list]
[DEBUG] 2018-03-15 18:44:57.5023 [route.go:362] JiaWbe:Router:RegisterRoute Success GET[/log]
[DEBUG] 2018-03-15 18:44:57.5023 [route.go:362] JiaWbe:Router:RegisterRoute Success POST[/update]
[DEBUG] 2018-03-15 18:44:57.5024 [route.go:362] JiaWbe:Router:RegisterRoute Success GET[/update]
[DEBUG] 2018-03-15 18:44:57.5024 [route.go:362] JiaWbe:Router:RegisterRoute Success GET[/stop]
[DEBUG] 2018-03-15 18:44:57.5024 [route.go:362] JiaWbe:Router:RegisterRoute Success GET[/start]
[DEBUG] 2018-03-15 18:44:57.5024 [route.go:362] JiaWbe:Router:RegisterRoute Success POST[/login]
[DEBUG] 2018-03-15 18:44:57.5024 [route.go:362] JiaWbe:Router:RegisterRoute Success GET[/login]
[DEBUG] 2018-03-15 18:44:57.5024 [route.go:362] JiaWbe:Router:RegisterRoute Success GET[/logout]
[DEBUG] 2018-03-15 18:44:57.5025 [route.go:362] JiaWbe:Router:RegisterRoute Success GET[/readme]
[DEBUG] 2018-03-15 18:44:57.5025 [route.go:362] JiaWbe:Router:RegisterRoute Success GET[/quickStart]
[DEBUG] 2018-03-15 18:44:57.5025 [route.go:362] JiaWbe:Router:RegisterRoute Success GET[/reloadConfig]
[DEBUG] 2018-03-15 18:44:57.5025 [route.go:362] JiaWbe:Router:RegisterRoute Success GET[/deleteClient]
[DEBUG] 2018-03-15 18:44:57.5025 [route.go:362] JiaWbe:Router:RegisterRoute Success GET[/viewConfig]
[DEBUG] 2018-03-15 18:44:57.5026 [route.go:362] JiaWbe:Router:RegisterRoute Success GET[/stopAllTask]
[DEBUG] 2018-03-15 18:44:57.5026 [route.go:362] JiaWbe:Router:RegisterRoute Success GET[/model]
[DEBUG] 2018-03-15 18:44:57.5026 [server.go:139] JiaWeb:HttpServer ignore favicon
[DEBUG] 2018-03-15 18:44:57.5026 [server.go:145] JiaWeb:HttpServer RegisterModule [IgnoreFAvicon]
[DEBUG] 2018-03-15 18:44:57.5026 [server.go:122] JiaWeb:HttpServer SetJwtConfig expire:86400 name:session-id cookieMaxAge:86400
[DEBUG] 2018-03-15 18:44:57.5027 [server.go:145] JiaWeb:HttpServer RegisterModule [initRender]
[DEBUG] 2018-03-15 18:44:57.5027 [server.go:76] jiaWeb:HttpServer ListenAndServe [:20000]
[DEBUG] 2018-03-15 18:45:04.3503 [jiaweb.go:126] JiaWeb SetPProfConfig [true, 10004]
[DEBUG] 2018-03-15 18:45:04.3524 [jiaweb.go:228] JiaWeb:StartPProfServer[10004] Begin
[DEBUG] 2018-03-15 18:45:04.3524 [group.go:31] JiaWbe:Gropu NewGroup [/jiaweb]
[DEBUG] 2018-03-15 18:45:04.3524 [route.go:362] JiaWbe:Router:RegisterRoute Success GET[/jiaweb/debug/pprof/<key:.+>]
[DEBUG] 2018-03-15 18:45:04.3525 [route.go:362] JiaWbe:Router:RegisterRoute Success GET[/jiaweb/debug/freememory]
[DEBUG] 2018-03-15 18:45:04.3527 [route.go:362] JiaWbe:Router:RegisterRoute Success GET[/jiaweb/debug/state]
[DEBUG] 2018-03-15 18:45:04.3529 [route.go:362] JiaWbe:Router:RegisterRoute Success GET[/jiaweb/debug/query/<key:[^/]*>]
[DEBUG] 2018-03-15 18:45:04.3529 [jiaweb.go:77] JiaWeb start New AppServer
[DEBUG] 2018-03-15 18:45:04.3529 [route.go:362] JiaWbe:Router:RegisterRoute Success GET[/]
[DEBUG] 2018-03-15 18:45:04.353 [route.go:362] JiaWbe:Router:RegisterRoute Success GET[/list]
[DEBUG] 2018-03-15 18:45:04.353 [route.go:362] JiaWbe:Router:RegisterRoute Success GET[/log]
[DEBUG] 2018-03-15 18:45:04.353 [route.go:362] JiaWbe:Router:RegisterRoute Success POST[/update]
[DEBUG] 2018-03-15 18:45:04.353 [route.go:362] JiaWbe:Router:RegisterRoute Success GET[/update]
[DEBUG] 2018-03-15 18:45:04.353 [route.go:362] JiaWbe:Router:RegisterRoute Success GET[/stop]
[DEBUG] 2018-03-15 18:45:04.3531 [route.go:362] JiaWbe:Router:RegisterRoute Success GET[/start]
[DEBUG] 2018-03-15 18:45:04.3531 [route.go:362] JiaWbe:Router:RegisterRoute Success POST[/login]
[DEBUG] 2018-03-15 18:45:04.3531 [route.go:362] JiaWbe:Router:RegisterRoute Success GET[/login]
[DEBUG] 2018-03-15 18:45:04.3532 [route.go:362] JiaWbe:Router:RegisterRoute Success GET[/logout]
[DEBUG] 2018-03-15 18:45:04.3532 [route.go:362] JiaWbe:Router:RegisterRoute Success GET[/readme]
[DEBUG] 2018-03-15 18:45:04.3532 [route.go:362] JiaWbe:Router:RegisterRoute Success GET[/quickStart]
[DEBUG] 2018-03-15 18:45:04.3533 [route.go:362] JiaWbe:Router:RegisterRoute Success GET[/reloadConfig]
[DEBUG] 2018-03-15 18:45:04.3533 [route.go:362] JiaWbe:Router:RegisterRoute Success GET[/deleteClient]
[DEBUG] 2018-03-15 18:45:04.3533 [route.go:362] JiaWbe:Router:RegisterRoute Success GET[/viewConfig]
[DEBUG] 2018-03-15 18:45:04.3534 [route.go:362] JiaWbe:Router:RegisterRoute Success GET[/stopAllTask]
[DEBUG] 2018-03-15 18:45:04.3534 [route.go:362] JiaWbe:Router:RegisterRoute Success GET[/model]
[DEBUG] 2018-03-15 18:45:04.3535 [server.go:139] JiaWeb:HttpServer ignore favicon
[DEBUG] 2018-03-15 18:45:04.3535 [server.go:145] JiaWeb:HttpServer RegisterModule [IgnoreFAvicon]
[DEBUG] 2018-03-15 18:45:04.3536 [server.go:122] JiaWeb:HttpServer SetJwtConfig expire:86400 name:session-id cookieMaxAge:86400
[DEBUG] 2018-03-15 18:45:04.3537 [server.go:145] JiaWeb:HttpServer RegisterModule [initRender]
[DEBUG] 2018-03-15 18:45:04.3538 [server.go:76] jiaWeb:HttpServer ListenAndServe [:20000]
